\BOOKMARK [1][-]{section.1}{Introduction and theory}{}% 1
\BOOKMARK [2][-]{subsection.1.1}{Electrical activity in the heart}{section.1}% 2
\BOOKMARK [3][-]{subsubsection.1.1.1}{Warm-up: equations for the torso}{subsection.1.1}% 3
\BOOKMARK [3][-]{subsubsection.1.1.2}{Exitable tissue}{subsection.1.1}% 4
\BOOKMARK [2][-]{subsection.1.2}{Bringing it all together}{section.1}% 5
\BOOKMARK [1][-]{section.2}{Computational Details}{}% 6
\BOOKMARK [2][-]{subsection.2.1}{Operator splitting}{section.2}% 7
\BOOKMARK [2][-]{subsection.2.2}{Solving the PDE part by finite elements}{section.2}% 8
\BOOKMARK [1][-]{section.3}{External packages}{}% 9
\BOOKMARK [2][-]{subsection.3.1}{FEniCS}{section.3}% 10
\BOOKMARK [2][-]{subsection.3.2}{gotran}{section.3}% 11
\BOOKMARK [2][-]{subsection.3.3}{goss}{section.3}% 12
\BOOKMARK [3][-]{subsubsection.3.3.1}{time solvers}{subsection.3.3}% 13
\BOOKMARK [1][-]{section.4}{Description of the main program}{}% 14
\BOOKMARK [2][-]{subsection.4.1}{Goss\137wrapper}{section.4}% 15
\BOOKMARK [2][-]{subsection.4.2}{Time\137solver}{section.4}% 16
\BOOKMARK [1][-]{section.5}{Explanation of other files in the repo}{}% 17
\BOOKMARK [2][-]{subsection.5.1}{Implementations}{section.5}% 18
\BOOKMARK [3][-]{subsubsection.5.1.1}{fe.py}{subsection.5.1}% 19
\BOOKMARK [3][-]{subsubsection.5.1.2}{fem2D\137fenics.py}{subsection.5.1}% 20
\BOOKMARK [3][-]{subsubsection.5.1.3}{myocyte\137activation.py}{subsection.5.1}% 21
\BOOKMARK [3][-]{subsubsection.5.1.4}{The final run}{subsection.5.1}% 22
\BOOKMARK [2][-]{subsection.5.2}{Other stuff}{section.5}% 23
\BOOKMARK [3][-]{subsubsection.5.2.1}{extracellular\137solver.py}{subsection.5.2}% 24
\BOOKMARK [3][-]{subsubsection.5.2.2}{storing part of the solution vector}{subsection.5.2}% 25
\BOOKMARK [3][-]{subsubsection.5.2.3}{purkinje}{subsection.5.2}% 26
\BOOKMARK [3][-]{subsubsection.5.2.4}{nose test}{subsection.5.2}% 27
\BOOKMARK [3][-]{subsubsection.5.2.5}{dolfin mesh from triangle}{subsection.5.2}% 28
\BOOKMARK [3][-]{subsubsection.5.2.6}{grid and tetgen}{subsection.5.2}% 29
\BOOKMARK [3][-]{subsubsection.5.2.7}{dolfin\137animation\137tools.py}{subsection.5.2}% 30
